init start: Sat, 14 Mar 2015 13:19:46 -0100
======================================================
init directory
mkdir /vagrant/html/shop/ success
mkdir /vagrant/html/shop/.cache/ success
mkdir /vagrant/html/shop/.db/ success
mkdir /vagrant/html/shop/.template/ success
mkdir /vagrant/html/shop/.template/custom/ success
mkdir /vagrant/html/shop/.page/ success
mkdir /vagrant/html/shop/.module/ success
mkdir /vagrant/html/shop/themes/ success
mkdir /vagrant/html/shop/files/ success

------------------------------------------------------
init db
[SQL]drop table soyshop_page
failed SQLSTATE[42S02]: Base table or view not found: 1051 Unknown table 'soyshop_page'; 42S02, 1051, Unknown table 'soyshop_page'

[SQL]create table soyshop_page(id integer primary key auto_increment,uri VARCHAR(255) not null unique,name VARCHAR(255),type VARCHAR(255) not null,template VARCHAR(255),config TEXT,create_date integer,update_date integer) ENGINE=InnoDB
failed SQLSTATE[HY000]: General error

[SQL]drop table soyshop_item
failed SQLSTATE[42S02]: Base table or view not found: 1051 Unknown table 'soyshop_item'; 42S02, 1051, Unknown table 'soyshop_item'

[SQL]create table soyshop_item(id integer primary key auto_increment,item_name TEXT,item_code VARCHAR(255) unique,item_alias VARCHAR(255) unique,item_price integer,item_sale_price integer,item_selling_price integer,item_sale_flag integer default 0,item_stock integer default 0,item_config TEXT,item_type VARCHAR(255),item_category integer,create_date integer,update_date integer,open_period_start integer,open_period_end integer,detail_page_id integer,item_is_open integer default 0,is_disabled INTEGER default 0) ENGINE=InnoDB
failed SQLSTATE[HY000]: General error

[SQL]drop table soyshop_item_attribute
failed SQLSTATE[42S02]: Base table or view not found: 1051 Unknown table 'soyshop_item_attribute'; 42S02, 1051, Unknown table 'soyshop_item_attribute'

[SQL]create table soyshop_item_attribute(item_id integer,item_field_id VARCHAR(255),item_value TEXT,item_extra_values TEXT,unique(item_id,item_field_id)) ENGINE=InnoDB
failed SQLSTATE[HY000]: General error

[SQL]drop table soyshop_category
failed SQLSTATE[42S02]: Base table or view not found: 1051 Unknown table 'soyshop_category'; 42S02, 1051, Unknown table 'soyshop_category'

[SQL]create table soyshop_category(id integer primary key auto_increment,category_name VARCHAR(255),category_alias VARCHAR(255) unique,category_order integer default 0,category_parent integer,category_config TEXT,category_is_open tinyint default 1) ENGINE=InnoDB
failed SQLSTATE[HY000]: General error

[SQL]drop table soyshop_category_attribute
failed SQLSTATE[42S02]: Base table or view not found: 1051 Unknown table 'soyshop_category_attribute'; 42S02, 1051, Unknown table 'soyshop_category_attribute'

[SQL]create table soyshop_category_attribute(category_id integer,category_field_id VARCHAR(255),category_value TEXT,category_value2 TEXT,unique(category_id,category_field_id)) ENGINE=InnoDB
failed SQLSTATE[HY000]: General error

[SQL]drop table soyshop_order
failed SQLSTATE[42S02]: Base table or view not found: 1051 Unknown table 'soyshop_order'; 42S02, 1051, Unknown table 'soyshop_order'

[SQL]create table soyshop_order(id integer primary key auto_increment,order_date integer not null,price integer not null,order_status integer not null,payment_status integer not null,address TEXT,claimed_address TEXT,user_id integer not null,attributes TEXT,modules TEXT,mail_status TEXT,tracking_number VARCHAR(255)) ENGINE=InnoDB
failed SQLSTATE[HY000]: General error

[SQL]drop table soyshop_orders
failed SQLSTATE[42S02]: Base table or view not found: 1051 Unknown table 'soyshop_orders'; 42S02, 1051, Unknown table 'soyshop_orders'

[SQL]create table soyshop_orders(id integer primary key auto_increment,order_id integer not null,item_id integer not null,item_count integer not null,item_price integer not null,total_price integer not null,item_name TEXT not null,cdate integer not null,is_sended integer default 0,attributes TEXT,is_addition integer default 0) ENGINE=InnoDB
failed SQLSTATE[HY000]: General error

[SQL]drop table soyshop_plugins
failed SQLSTATE[42S02]: Base table or view not found: 1051 Unknown table 'soyshop_plugins'; 42S02, 1051, Unknown table 'soyshop_plugins'

[SQL]create table soyshop_plugins(id integer primary key auto_increment,plugin_id VARCHAR(255) unique not null,plugin_type VARCHAR(255) not null,config VARCHAR(255),is_active integer not null default 0) ENGINE=InnoDB
failed SQLSTATE[HY000]: General error

[SQL]drop table soyshop_order_state_history
failed SQLSTATE[42S02]: Base table or view not found: 1051 Unknown table 'soyshop_order_state_history'; 42S02, 1051, Unknown table 'soyshop_order_state_history'

[SQL]create table soyshop_order_state_history(id integer primary key auto_increment,order_id integer not null,order_date integer not null,author VARCHAR(255),content TEXT,more VARCHAR(255)) ENGINE=InnoDB
failed SQLSTATE[HY000]: General error

[SQL]drop table soyshop_data_sets
failed SQLSTATE[42S02]: Base table or view not found: 1051 Unknown table 'soyshop_data_sets'; 42S02, 1051, Unknown table 'soyshop_data_sets'

[SQL]create table soyshop_data_sets(id integer primary key auto_increment,class_name VARCHAR(255) unique,object_data text) ENGINE=InnoDB
failed SQLSTATE[HY000]: General error

[SQL]drop table soyshop_user
failed SQLSTATE[42S02]: Base table or view not found: 1051 Unknown table 'soyshop_user'; 42S02, 1051, Unknown table 'soyshop_user'

[SQL]CREATE TABLE soyshop_user (id INTEGER primary key auto_increment,mail_address VARCHAR(255) unique,attribute1 TEXT,attribute2 TEXT,attribute3 TEXT,name VARCHAR(255),reading VARCHAR(255),nickname VARCHAR(255),account_id VARCHAR(50) unique,profile_id VARCHAR(50) unique,image_path VARCHAR(255),gender VARCHAR(255),birthday VARCHAR(255),zip_code VARCHAR(255),area TINYINT,address1 VARCHAR(255),address2 VARCHAR(255),telephone_number VARCHAR(255),fax_number VARCHAR(255),cellphone_number VARCHAR(255),url VARCHAR(255),job_name VARCHAR(255),job_zip_code VARCHAR(255),job_area VARCHAR(255),job_address1 VARCHAR(255),job_address2 VARCHAR(255),job_telephone_number VARCHAR(255),job_fax_number VARCHAR(255),memo VARCHAR(255),mail_error_count INTEGER default 0,not_send TINYINT default 0,is_error TINYINT default 0,is_disabled TINYINT default 0,is_profile_display TINYINT default 0,register_date INTEGER,update_date INTEGER,real_register_date INTEGER,user_type INTEGER,address_list TEXT,password TEXT,attributes TEXT) ENGINE=InnoDB
failed SQLSTATE[HY000]: General error

[SQL]drop table soyshop_user_attribute
failed SQLSTATE[42S02]: Base table or view not found: 1051 Unknown table 'soyshop_user_attribute'; 42S02, 1051, Unknown table 'soyshop_user_attribute'

[SQL]create table soyshop_user_attribute(user_id integer,user_field_id VARCHAR(255),user_value TEXT,unique(user_id,user_field_id)) ENGINE=InnoDB
failed SQLSTATE[HY000]: General error

[SQL]drop table soyshop_auto_login
failed SQLSTATE[42S02]: Base table or view not found: 1051 Unknown table 'soyshop_auto_login'; 42S02, 1051, Unknown table 'soyshop_auto_login'

[SQL]create table soyshop_auto_login(id integer primary key auto_increment,user_id integer not null,session_token CHAR(32) NOT NULL,time_limit integer) ENGINE=InnoDB
failed SQLSTATE[HY000]: General error

[SQL]drop table soyshop_user_token
failed SQLSTATE[42S02]: Base table or view not found: 1051 Unknown table 'soyshop_user_token'; 42S02, 1051, Unknown table 'soyshop_user_token'

[SQL]create table soyshop_user_token(id integer primary key auto_increment,user_id integer not null,token varchar(255) not null,time_limit integer not null) ENGINE=INNODB
failed SQLSTATE[HY000]: General error

[SQL]drop table soyshop_item_review
failed SQLSTATE[42S02]: Base table or view not found: 1051 Unknown table 'soyshop_item_review'; 42S02, 1051, Unknown table 'soyshop_item_review'

[SQL]create table soyshop_item_review(id integer primary key AUTO_INCREMENT,item_id integer not null,user_id integer,nickname varchar(255),title varchar(255),content varchar(255),image varchar(255),movie varchar(255),evaluation integer,approval integer,vote integer,attributes varchar(255),is_approved integer not null,create_date integer not null,update_date integer) ENGINE = InnoDB
failed SQLSTATE[HY000]: General error

[SQL]drop table soyshop_breadcrumb
failed SQLSTATE[42S02]: Base table or view not found: 1051 Unknown table 'soyshop_breadcrumb'; 42S02, 1051, Unknown table 'soyshop_breadcrumb'

[SQL]create table soyshop_breadcrumb(item_id integer not null,page_id integer not null,unique(item_id, page_id)) ENGINE=InnoDB
failed SQLSTATE[HY000]: General error

[SQL]drop table soyshop_mail_log
failed SQLSTATE[42S02]: Base table or view not found: 1051 Unknown table 'soyshop_mail_log'; 42S02, 1051, Unknown table 'soyshop_mail_log'

[SQL]create table soyshop_mail_log(id integer primary key AUTO_INCREMENT,recipient text,order_id integer,user_id integer,title text,content text,is_success tinyint not null default 0,send_date integer NOT NULL) ENGINE=InnoDB
failed SQLSTATE[HY000]: General error

[SQL]create table soyshop_favorite_item(id INTEGER primary key AUTO_INCREMENT,item_id INTEGER NOT NULL,user_id INTEGER NOT NULL,purchased TINYINT DEFAULT 0,create_date INTEGER,update_date INTEGER) ENGINE=InnoDB
failed SQLSTATE[HY000]: General error


success
3.5324149131775 ....sec

------------------------------------------------------
init page
success
0.60633087158203 ....sec

------------------------------------------------------
init categoryncategory
success
0.078298091888428 ....sec

------------------------------------------------------
init item
items: item 0,item 1,item 2,item 3,item 0,item 1,item 2,item 3,item 1,item 2,item 3,
success
0.10048604011536 ....sec

------------------------------------------------------
init mail
success
0.21256303787231 ....sec

------------------------------------------------------
init modules
success
2.3155138492584 ....sec

------------------------------------------------------
init cart
success
0.017599105834961 ....sec

------------------------------------------------------
init mypage
success
0.018992900848389 ....sec

------------------------------------------------------
init shop config
0.020356178283691 ....sec

------------------------------------------------------
regist site
success
0.013453960418701 ....sec

------------------------------------------------------
regist version
success
0.039984941482544 ....sec

======================================================
DONE Sat, 14 Mar 2015 13:19:54 -0100
7.3280878067017 ....sec

